{"level":"ERROR","location":"[get_call:164] fyersModel","message":{"API":"/profile","error":"('Connection aborted.', RemoteDisconnected('Remote end closed connection without response'))"},"timestamp":"2025-06-25 10:09:20,046+0530","service":"FyersAPI"}
{"level":"ERROR","location":"[get_call:164] fyersModel","message":{"API":"/profile","error":"('Connection aborted.', RemoteDisconnected('Remote end closed connection without response'))"},"timestamp":"2025-06-25 10:18:24,411+0530","service":"FyersAPI"}
{"level":"ERROR","location":"[get_call:164] fyersModel","message":{"API":"/options-chain-v3","error":"('Connection aborted.', ConnectionResetError(10054, 'An existing connection was forcibly closed by the remote host', None, 10054, None))"},"timestamp":"2025-06-25 10:19:00,639+0530","service":"FyersAPI"}
{"level":"ERROR","location":"[get_call:164] fyersModel","message":{"API":"/options-chain-v3","error":"HTTPSConnectionPool(host='api-t1.fyers.in', port=443): Read timed out. (read timeout=None)"},"timestamp":"2025-06-25 10:20:07,283+0530","service":"FyersAPI"}
{"level":"ERROR","location":"[get_call:164] fyersModel","message":{"API":"/profile","error":"HTTPSConnectionPool(host='api-t1.fyers.in', port=443): Max retries exceeded with url: /api/v3/profile (Caused by NameResolutionError(\"<urllib3.connection.HTTPSConnection object at 0x00000240AEFD8560>: Failed to resolve 'api-t1.fyers.in' ([Errno 11001] getaddrinfo failed)\"))"},"timestamp":"2025-06-25 10:20:19,493+0530","service":"FyersAPI"}
{"level":"ERROR","location":"[get_call:146] fyersModel","message":{"API":"/depth","Error":{"message":"Please provide valid inputs","code":-50,"s":"error"}},"timestamp":"2025-06-30 11:29:21,536+0530","service":"FyersAPI"}
{"level":"ERROR","location":"[get_call:164] fyersModel","message":{"API":"/quotes","error":"('Connection aborted.', ConnectionResetError(10054, 'An existing connection was forcibly closed by the remote host', None, 10054, None))"},"timestamp":"2025-07-04 14:30:23,111+0530","service":"FyersAPI"}
{"level":"ERROR","location":"[get_call:164] fyersModel","message":{"API":"/quotes","error":"('Connection aborted.', ConnectionResetError(10054, 'An existing connection was forcibly closed by the remote host', None, 10054, None))"},"timestamp":"2025-07-04 15:41:33,052+0530","service":"FyersAPI"}
{"level":"ERROR","location":"[get_call:164] fyersModel","message":{"API":"/quotes","error":"HTTPSConnectionPool(host='api-t1.fyers.in', port=443): Max retries exceeded with url: /data/quotes?symbols=NSE%3ANIFTY2571025500CE (Caused by NameResolutionError(\"<urllib3.connection.HTTPSConnection object at 0x000001049F33E120>: Failed to resolve 'api-t1.fyers.in' ([Errno 11001] getaddrinfo failed)\"))"},"timestamp":"2025-07-04 15:41:33,060+0530","service":"FyersAPI"}
{"level":"ERROR","location":"[get_call:164] fyersModel","message":{"API":"/profile","error":"HTTPSConnectionPool(host='api-t1.fyers.in', port=443): Max retries exceeded with url: /api/v3/profile (Caused by NameResolutionError(\"<urllib3.connection.HTTPSConnection object at 0x000001049F33E840>: Failed to resolve 'api-t1.fyers.in' ([Errno 11001] getaddrinfo failed)\"))"},"timestamp":"2025-07-04 15:41:33,343+0530","service":"FyersAPI"}
{"level":"ERROR","location":"[get_call:146] fyersModel","message":{"API":"/options-chain-v3","Error":{"message":"Please provide valid token","code":-15,"s":"error"}},"timestamp":"2025-07-23 16:50:03,739+1300","service":"FyersAPI"}
{"level":"ERROR","location":"[get_call:146] fyersModel","message":{"API":"/options-chain-v3","Error":{"message":"Please provide valid token","code":-15,"s":"error"}},"timestamp":"2025-07-23 16:50:07,831+1300","service":"FyersAPI"}
{"level":"ERROR","location":"[get_call:146] fyersModel","message":{"API":"/options-chain-v3","Error":{"message":"Please provide valid token","code":-15,"s":"error"}},"timestamp":"2025-07-23 16:50:11,884+1300","service":"FyersAPI"}
{"level":"ERROR","location":"[get_call:146] fyersModel","message":{"API":"/options-chain-v3","Error":{"message":"Please provide valid token","code":-15,"s":"error"}},"timestamp":"2025-07-23 16:50:15,800+1300","service":"FyersAPI"}
{"level":"ERROR","location":"[get_call:146] fyersModel","message":{"API":"/options-chain-v3","Error":{"message":"Please provide valid token","code":-15,"s":"error"}},"timestamp":"2025-07-23 16:50:19,914+1300","service":"FyersAPI"}
{"level":"ERROR","location":"[get_call:146] fyersModel","message":{"API":"/options-chain-v3","Error":{"message":"Please provide valid token","code":-15,"s":"error"}},"timestamp":"2025-07-23 16:50:23,945+1300","service":"FyersAPI"}
{"level":"ERROR","location":"[get_call:146] fyersModel","message":{"API":"/profile","Error":{"s":"error","code":-209,"message":"Please provide the validation parameter"}},"timestamp":"2025-07-23 16:54:11,221+1300","service":"FyersAPI"}
{"level":"ERROR","location":"[get_call:146] fyersModel","message":{"API":"/profile","Error":{"s":"error","code":-209,"message":"Please provide the validation parameter"}},"timestamp":"2025-07-23 16:54:11,574+1300","service":"FyersAPI"}
{"level":"ERROR","location":"[get_call:146] fyersModel","message":{"API":"/profile","Error":{"s":"error","code":-209,"message":"Please provide the validation parameter"}},"timestamp":"2025-07-23 16:54:15,394+1300","service":"FyersAPI"}
{"level":"ERROR","location":"[get_call:146] fyersModel","message":{"API":"/profile","Error":{"s":"error","code":-209,"message":"Please provide the validation parameter"}},"timestamp":"2025-07-23 16:54:15,735+1300","service":"FyersAPI"}
{"level":"ERROR","location":"[get_call:146] fyersModel","message":{"API":"/profile","Error":{"s":"error","code":-209,"message":"Please provide the validation parameter"}},"timestamp":"2025-07-23 16:54:20,067+1300","service":"FyersAPI"}
{"level":"ERROR","location":"[get_call:146] fyersModel","message":{"API":"/profile","Error":{"s":"error","code":-209,"message":"Please provide the validation parameter"}},"timestamp":"2025-07-23 16:54:23,780+1300","service":"FyersAPI"}
{"level":"ERROR","location":"[get_call:146] fyersModel","message":{"API":"/profile","Error":{"s":"error","code":-209,"message":"Please provide the validation parameter"}},"timestamp":"2025-07-23 16:54:27,511+1300","service":"FyersAPI"}
{"level":"ERROR","location":"[get_call:146] fyersModel","message":{"API":"/profile","Error":{"s":"error","code":-209,"message":"Please provide the validation parameter"}},"timestamp":"2025-07-23 16:54:31,158+1300","service":"FyersAPI"}
{"level":"ERROR","location":"[get_call:146] fyersModel","message":{"API":"/profile","Error":{"s":"error","code":-209,"message":"Please provide the validation parameter"}},"timestamp":"2025-07-23 16:54:35,461+1300","service":"FyersAPI"}
{"level":"ERROR","location":"[get_call:146] fyersModel","message":{"API":"/quotes","Error":{"message":"Please provide valid token","code":-15,"s":"error"}},"timestamp":"2025-07-23 16:55:38,597+1300","service":"FyersAPI"}
{"level":"ERROR","location":"[get_call:146] fyersModel","message":{"API":"/options-chain-v3","Error":{"message":"Please provide valid token","code":-15,"s":"error"}},"timestamp":"2025-07-23 16:55:39,248+1300","service":"FyersAPI"}
{"level":"ERROR","location":"[get_call:146] fyersModel","message":{"API":"/options-chain-v3","Error":{"message":"Please provide valid token","code":-15,"s":"error"}},"timestamp":"2025-07-23 16:55:44,539+1300","service":"FyersAPI"}
{"level":"ERROR","location":"[get_call:146] fyersModel","message":{"API":"/options-chain-v3","Error":{"message":"Please provide valid token","code":-15,"s":"error"}},"timestamp":"2025-07-23 16:55:48,608+1300","service":"FyersAPI"}
{"level":"ERROR","location":"[get_call:146] fyersModel","message":{"API":"/options-chain-v3","Error":{"message":"Please provide valid token","code":-15,"s":"error"}},"timestamp":"2025-07-23 16:55:52,652+1300","service":"FyersAPI"}
{"level":"ERROR","location":"[get_call:146] fyersModel","message":{"API":"/options-chain-v3","Error":{"message":"Please provide valid token","code":-15,"s":"error"}},"timestamp":"2025-07-23 16:55:58,658+1300","service":"FyersAPI"}
{"level":"ERROR","location":"[get_call:146] fyersModel","message":{"API":"/options-chain-v3","Error":{"message":"Please provide valid token","code":-15,"s":"error"}},"timestamp":"2025-07-23 16:56:02,837+1300","service":"FyersAPI"}
{"level":"ERROR","location":"[get_call:146] fyersModel","message":{"API":"/options-chain-v3","Error":{"message":"Please provide valid token","code":-15,"s":"error"}},"timestamp":"2025-07-24 16:57:37,838+1300","service":"FyersAPI"}
{"level":"ERROR","location":"[get_call:146] fyersModel","message":{"API":"/options-chain-v3","Error":{"message":"Please provide valid token","code":-15,"s":"error"}},"timestamp":"2025-07-24 16:57:44,630+1300","service":"FyersAPI"}
{"level":"ERROR","location":"[get_call:146] fyersModel","message":{"API":"/options-chain-v3","Error":{"message":"Please provide valid token","code":-15,"s":"error"}},"timestamp":"2025-07-24 16:57:52,098+1300","service":"FyersAPI"}
{"level":"ERROR","location":"[get_call:146] fyersModel","message":{"API":"/options-chain-v3","Error":{"message":"Please provide valid token","code":-15,"s":"error"}},"timestamp":"2025-07-24 16:58:01,087+1300","service":"FyersAPI"}
{"level":"ERROR","location":"[get_call:146] fyersModel","message":{"API":"/options-chain-v3","Error":{"message":"Please provide valid token","code":-15,"s":"error"}},"timestamp":"2025-07-24 16:58:06,902+1300","service":"FyersAPI"}
{"level":"ERROR","location":"[get_call:146] fyersModel","message":{"API":"/options-chain-v3","Error":{"message":"Please provide valid token","code":-15,"s":"error"}},"timestamp":"2025-07-24 16:58:12,122+1300","service":"FyersAPI"}
{"level":"ERROR","location":"[get_call:146] fyersModel","message":{"API":"/options-chain-v3","Error":{"message":"Please provide valid token","code":-15,"s":"error"}},"timestamp":"2025-07-24 16:58:17,167+1300","service":"FyersAPI"}
{"level":"ERROR","location":"[get_call:146] fyersModel","message":{"API":"/options-chain-v3","Error":{"message":"Please provide valid token","code":-15,"s":"error"}},"timestamp":"2025-07-24 16:58:22,102+1300","service":"FyersAPI"}
{"level":"ERROR","location":"[get_call:146] fyersModel","message":{"API":"/options-chain-v3","Error":{"message":"Please provide valid token","code":-15,"s":"error"}},"timestamp":"2025-07-24 16:58:27,049+1300","service":"FyersAPI"}
{"level":"ERROR","location":"[get_call:146] fyersModel","message":{"API":"/options-chain-v3","Error":{"message":"Please provide valid token","code":-15,"s":"error"}},"timestamp":"2025-07-24 16:58:32,044+1300","service":"FyersAPI"}
{"level":"ERROR","location":"[get_call:146] fyersModel","message":{"API":"/options-chain-v3","Error":{"message":"Please provide valid token","code":-15,"s":"error"}},"timestamp":"2025-07-24 16:58:39,172+1300","service":"FyersAPI"}
{"level":"ERROR","location":"[get_call:146] fyersModel","message":{"API":"/options-chain-v3","Error":{"message":"Please provide valid token","code":-15,"s":"error"}},"timestamp":"2025-07-24 16:58:47,315+1300","service":"FyersAPI"}
{"level":"ERROR","location":"[get_call:146] fyersModel","message":{"API":"/options-chain-v3","Error":{"message":"Please provide valid token","code":-15,"s":"error"}},"timestamp":"2025-07-24 16:58:56,410+1300","service":"FyersAPI"}
{"level":"ERROR","location":"[get_call:146] fyersModel","message":{"API":"/options-chain-v3","Error":{"message":"Please provide valid token","code":-15,"s":"error"}},"timestamp":"2025-07-24 16:59:04,956+1300","service":"FyersAPI"}
{"level":"ERROR","location":"[get_call:146] fyersModel","message":{"API":"/options-chain-v3","Error":{"message":"Please provide valid token","code":-15,"s":"error"}},"timestamp":"2025-07-24 16:59:12,887+1300","service":"FyersAPI"}
{"level":"ERROR","location":"[get_call:146] fyersModel","message":{"API":"/options-chain-v3","Error":{"message":"Please provide valid token","code":-15,"s":"error"}},"timestamp":"2025-07-24 16:59:21,223+1300","service":"FyersAPI"}
{"level":"ERROR","location":"[get_call:146] fyersModel","message":{"API":"/options-chain-v3","Error":{"message":"Please provide valid token","code":-15,"s":"error"}},"timestamp":"2025-07-24 16:59:29,148+1300","service":"FyersAPI"}
{"level":"ERROR","location":"[get_call:146] fyersModel","message":{"API":"/options-chain-v3","Error":{"message":"Please provide valid token","code":-15,"s":"error"}},"timestamp":"2025-07-24 16:59:36,682+1300","service":"FyersAPI"}
{"level":"ERROR","location":"[get_call:146] fyersModel","message":{"API":"/options-chain-v3","Error":{"message":"Please provide valid token","code":-15,"s":"error"}},"timestamp":"2025-07-24 16:59:45,450+1300","service":"FyersAPI"}
{"level":"ERROR","location":"[get_call:146] fyersModel","message":{"API":"/options-chain-v3","Error":{"message":"Please provide valid token","code":-15,"s":"error"}},"timestamp":"2025-07-24 16:59:53,957+1300","service":"FyersAPI"}
{"level":"ERROR","location":"[get_call:146] fyersModel","message":{"API":"/options-chain-v3","Error":{"message":"Please provide valid token","code":-15,"s":"error"}},"timestamp":"2025-07-24 17:00:02,567+1300","service":"FyersAPI"}
{"level":"ERROR","location":"[get_call:146] fyersModel","message":{"API":"/options-chain-v3","Error":{"message":"Please provide valid token","code":-15,"s":"error"}},"timestamp":"2025-07-24 17:00:10,658+1300","service":"FyersAPI"}
{"level":"ERROR","location":"[get_call:146] fyersModel","message":{"API":"/options-chain-v3","Error":{"message":"Please provide valid token","code":-15,"s":"error"}},"timestamp":"2025-07-24 17:00:18,382+1300","service":"FyersAPI"}
{"level":"ERROR","location":"[get_call:146] fyersModel","message":{"API":"/options-chain-v3","Error":{"message":"Please provide valid token","code":-15,"s":"error"}},"timestamp":"2025-07-24 17:00:27,042+1300","service":"FyersAPI"}
{"level":"ERROR","location":"[get_call:146] fyersModel","message":{"API":"/options-chain-v3","Error":{"message":"Please provide valid token","code":-15,"s":"error"}},"timestamp":"2025-07-24 17:00:35,496+1300","service":"FyersAPI"}
{"level":"ERROR","location":"[get_call:146] fyersModel","message":{"API":"/options-chain-v3","Error":{"message":"Please provide valid token","code":-15,"s":"error"}},"timestamp":"2025-07-24 17:00:40,788+1300","service":"FyersAPI"}
{"level":"ERROR","location":"[get_call:146] fyersModel","message":{"API":"/options-chain-v3","Error":{"message":"Please provide valid token","code":-15,"s":"error"}},"timestamp":"2025-07-24 17:00:46,277+1300","service":"FyersAPI"}
{"level":"ERROR","location":"[get_call:146] fyersModel","message":{"API":"/options-chain-v3","Error":{"message":"Please provide valid token","code":-15,"s":"error"}},"timestamp":"2025-07-24 17:00:52,621+1300","service":"FyersAPI"}
{"level":"ERROR","location":"[get_call:146] fyersModel","message":{"API":"/options-chain-v3","Error":{"message":"Please provide valid token","code":-15,"s":"error"}},"timestamp":"2025-07-24 17:00:57,613+1300","service":"FyersAPI"}
{"level":"ERROR","location":"[get_call:146] fyersModel","message":{"API":"/options-chain-v3","Error":{"message":"Please provide valid token","code":-15,"s":"error"}},"timestamp":"2025-07-24 17:01:02,598+1300","service":"FyersAPI"}
{"level":"ERROR","location":"[get_call:146] fyersModel","message":{"API":"/options-chain-v3","Error":{"message":"Please provide valid token","code":-15,"s":"error"}},"timestamp":"2025-07-24 17:01:07,547+1300","service":"FyersAPI"}
{"level":"ERROR","location":"[get_call:146] fyersModel","message":{"API":"/options-chain-v3","Error":{"message":"Please provide valid token","code":-15,"s":"error"}},"timestamp":"2025-07-24 17:01:12,521+1300","service":"FyersAPI"}
{"level":"ERROR","location":"[get_call:146] fyersModel","message":{"API":"/options-chain-v3","Error":{"message":"Please provide valid token","code":-15,"s":"error"}},"timestamp":"2025-07-24 17:01:17,560+1300","service":"FyersAPI"}
{"level":"ERROR","location":"[get_call:146] fyersModel","message":{"API":"/options-chain-v3","Error":{"message":"Please provide valid token","code":-15,"s":"error"}},"timestamp":"2025-07-24 17:01:25,759+1300","service":"FyersAPI"}
{"level":"ERROR","location":"[get_call:146] fyersModel","message":{"API":"/options-chain-v3","Error":{"message":"Please provide valid token","code":-15,"s":"error"}},"timestamp":"2025-07-24 17:01:34,921+1300","service":"FyersAPI"}
{"level":"ERROR","location":"[get_call:146] fyersModel","message":{"API":"/options-chain-v3","Error":{"message":"Please provide valid token","code":-15,"s":"error"}},"timestamp":"2025-07-24 17:01:44,250+1300","service":"FyersAPI"}
{"level":"ERROR","location":"[get_call:146] fyersModel","message":{"API":"/options-chain-v3","Error":{"message":"Please provide valid token","code":-15,"s":"error"}},"timestamp":"2025-07-24 17:01:54,346+1300","service":"FyersAPI"}
{"level":"ERROR","location":"[get_call:146] fyersModel","message":{"API":"/options-chain-v3","Error":{"message":"Please provide valid token","code":-15,"s":"error"}},"timestamp":"2025-07-24 17:02:04,528+1300","service":"FyersAPI"}
{"level":"ERROR","location":"[get_call:146] fyersModel","message":{"API":"/options-chain-v3","Error":{"message":"Please provide valid token","code":-15,"s":"error"}},"timestamp":"2025-07-24 17:02:12,793+1300","service":"FyersAPI"}
{"level":"ERROR","location":"[get_call:146] fyersModel","message":{"API":"/options-chain-v3","Error":{"message":"Please provide valid token","code":-15,"s":"error"}},"timestamp":"2025-07-24 17:02:20,317+1300","service":"FyersAPI"}
{"level":"ERROR","location":"[get_call:146] fyersModel","message":{"API":"/options-chain-v3","Error":{"message":"Please provide valid token","code":-15,"s":"error"}},"timestamp":"2025-07-24 17:02:27,826+1300","service":"FyersAPI"}
{"level":"ERROR","location":"[get_call:146] fyersModel","message":{"API":"/options-chain-v3","Error":{"message":"Please provide valid token","code":-15,"s":"error"}},"timestamp":"2025-07-24 17:02:36,477+1300","service":"FyersAPI"}
{"level":"ERROR","location":"[get_call:146] fyersModel","message":{"API":"/options-chain-v3","Error":{"message":"Please provide valid token","code":-15,"s":"error"}},"timestamp":"2025-07-24 17:02:44,383+1300","service":"FyersAPI"}
{"level":"ERROR","location":"[get_call:146] fyersModel","message":{"API":"/options-chain-v3","Error":{"message":"Please provide valid token","code":-15,"s":"error"}},"timestamp":"2025-07-24 17:02:52,749+1300","service":"FyersAPI"}
{"level":"ERROR","location":"[get_call:146] fyersModel","message":{"API":"/options-chain-v3","Error":{"message":"Please provide valid token","code":-15,"s":"error"}},"timestamp":"2025-07-24 17:02:59,969+1300","service":"FyersAPI"}
{"level":"ERROR","location":"[get_call:146] fyersModel","message":{"API":"/options-chain-v3","Error":{"message":"Please provide valid token","code":-15,"s":"error"}},"timestamp":"2025-07-24 17:03:07,078+1300","service":"FyersAPI"}
{"level":"ERROR","location":"[get_call:146] fyersModel","message":{"API":"/options-chain-v3","Error":{"message":"Please provide valid token","code":-15,"s":"error"}},"timestamp":"2025-07-24 17:03:14,713+1300","service":"FyersAPI"}
{"level":"ERROR","location":"[get_call:146] fyersModel","message":{"API":"/options-chain-v3","Error":{"message":"Please provide valid token","code":-15,"s":"error"}},"timestamp":"2025-07-24 17:03:23,020+1300","service":"FyersAPI"}
{"level":"ERROR","location":"[get_call:146] fyersModel","message":{"API":"/options-chain-v3","Error":{"message":"Please provide valid token","code":-15,"s":"error"}},"timestamp":"2025-07-24 17:03:30,423+1300","service":"FyersAPI"}
{"level":"ERROR","location":"[get_call:146] fyersModel","message":{"API":"/options-chain-v3","Error":{"message":"Please provide valid token","code":-15,"s":"error"}},"timestamp":"2025-07-24 17:03:35,617+1300","service":"FyersAPI"}
{"level":"ERROR","location":"[get_call:146] fyersModel","message":{"API":"/options-chain-v3","Error":{"message":"Please provide valid token","code":-15,"s":"error"}},"timestamp":"2025-07-24 17:03:40,845+1300","service":"FyersAPI"}
{"level":"ERROR","location":"[get_call:146] fyersModel","message":{"API":"/options-chain-v3","Error":{"message":"Please provide valid token","code":-15,"s":"error"}},"timestamp":"2025-07-24 17:03:47,587+1300","service":"FyersAPI"}
{"level":"ERROR","location":"[get_call:146] fyersModel","message":{"API":"/options-chain-v3","Error":{"message":"Please provide valid token","code":-15,"s":"error"}},"timestamp":"2025-07-24 17:03:53,599+1300","service":"FyersAPI"}
{"level":"ERROR","location":"[get_call:146] fyersModel","message":{"API":"/options-chain-v3","Error":{"message":"Please provide valid token","code":-15,"s":"error"}},"timestamp":"2025-07-24 17:03:58,599+1300","service":"FyersAPI"}
{"level":"ERROR","location":"[get_call:146] fyersModel","message":{"API":"/options-chain-v3","Error":{"message":"Please provide valid token","code":-15,"s":"error"}},"timestamp":"2025-07-24 17:04:03,482+1300","service":"FyersAPI"}
{"level":"ERROR","location":"[get_call:146] fyersModel","message":{"API":"/options-chain-v3","Error":{"message":"Please provide valid token","code":-15,"s":"error"}},"timestamp":"2025-07-24 17:04:08,829+1300","service":"FyersAPI"}
{"level":"ERROR","location":"[get_call:146] fyersModel","message":{"API":"/options-chain-v3","Error":{"message":"Please provide valid token","code":-15,"s":"error"}},"timestamp":"2025-07-24 17:04:13,795+1300","service":"FyersAPI"}
{"level":"ERROR","location":"[get_call:146] fyersModel","message":{"API":"/options-chain-v3","Error":{"message":"Please provide valid token","code":-15,"s":"error"}},"timestamp":"2025-07-24 17:04:19,133+1300","service":"FyersAPI"}
{"level":"ERROR","location":"[get_call:146] fyersModel","message":{"API":"/quotes","Error":{"message":"Please provide valid token","code":-15,"s":"error"}},"timestamp":"2025-07-24 17:04:41,875+1300","service":"FyersAPI"}
{"level":"ERROR","location":"[get_call:146] fyersModel","message":{"API":"/options-chain-v3","Error":{"message":"Please provide valid token","code":-15,"s":"error"}},"timestamp":"2025-07-24 17:04:42,568+1300","service":"FyersAPI"}
{"level":"ERROR","location":"[get_call:146] fyersModel","message":{"API":"/options-chain-v3","Error":{"message":"Please provide valid token","code":-15,"s":"error"}},"timestamp":"2025-07-24 17:04:47,939+1300","service":"FyersAPI"}
{"level":"ERROR","location":"[get_call:146] fyersModel","message":{"API":"/options-chain-v3","Error":{"message":"Please provide valid token","code":-15,"s":"error"}},"timestamp":"2025-07-24 17:04:53,564+1300","service":"FyersAPI"}
{"level":"ERROR","location":"[get_call:146] fyersModel","message":{"API":"/options-chain-v3","Error":{"message":"Please provide valid token","code":-15,"s":"error"}},"timestamp":"2025-07-24 17:04:57,673+1300","service":"FyersAPI"}
{"level":"ERROR","location":"[get_call:146] fyersModel","message":{"API":"/options-chain-v3","Error":{"message":"Please provide valid token","code":-15,"s":"error"}},"timestamp":"2025-07-24 17:05:01,827+1300","service":"FyersAPI"}
{"level":"ERROR","location":"[get_call:146] fyersModel","message":{"API":"/options-chain-v3","Error":{"message":"Please provide valid token","code":-15,"s":"error"}},"timestamp":"2025-07-24 17:05:05,848+1300","service":"FyersAPI"}
{"level":"ERROR","location":"[get_call:146] fyersModel","message":{"API":"/quotes","Error":{"message":"Please provide valid token","code":-15,"s":"error"}},"timestamp":"2025-07-24 17:29:44,473+1300","service":"FyersAPI"}
{"level":"ERROR","location":"[get_call:146] fyersModel","message":{"API":"/options-chain-v3","Error":{"message":"Please provide valid token","code":-15,"s":"error"}},"timestamp":"2025-07-24 17:29:45,098+1300","service":"FyersAPI"}
{"level":"ERROR","location":"[get_call:146] fyersModel","message":{"API":"/options-chain-v3","Error":{"message":"Please provide valid token","code":-15,"s":"error"}},"timestamp":"2025-07-24 17:29:45,747+1300","service":"FyersAPI"}
{"level":"ERROR","location":"[get_call:146] fyersModel","message":{"API":"/quotes","Error":{"message":"Please provide valid token","code":-15,"s":"error"}},"timestamp":"2025-07-24 17:29:53,656+1300","service":"FyersAPI"}
{"level":"ERROR","location":"[get_call:146] fyersModel","message":{"API":"/options-chain-v3","Error":{"message":"Please provide valid token","code":-15,"s":"error"}},"timestamp":"2025-07-24 17:29:54,295+1300","service":"FyersAPI"}
{"level":"ERROR","location":"[get_call:146] fyersModel","message":{"API":"/options-chain-v3","Error":{"message":"Please provide valid token","code":-15,"s":"error"}},"timestamp":"2025-07-24 17:29:54,918+1300","service":"FyersAPI"}
{"level":"ERROR","location":"[get_call:146] fyersModel","message":{"API":"/options-chain-v3","Error":{"message":"Please provide valid token","code":-15,"s":"error"}},"timestamp":"2025-07-24 17:29:59,786+1300","service":"FyersAPI"}
{"level":"ERROR","location":"[get_call:146] fyersModel","message":{"API":"/options-chain-v3","Error":{"message":"Please provide valid token","code":-15,"s":"error"}},"timestamp":"2025-07-24 17:30:00,545+1300","service":"FyersAPI"}
{"level":"ERROR","location":"[get_call:146] fyersModel","message":{"API":"/options-chain-v3","Error":{"message":"Please provide valid token","code":-15,"s":"error"}},"timestamp":"2025-07-24 17:30:04,513+1300","service":"FyersAPI"}
{"level":"ERROR","location":"[get_call:146] fyersModel","message":{"API":"/options-chain-v3","Error":{"message":"Please provide valid token","code":-15,"s":"error"}},"timestamp":"2025-07-24 17:30:05,168+1300","service":"FyersAPI"}
{"level":"ERROR","location":"[get_call:146] fyersModel","message":{"API":"/options-chain-v3","Error":{"message":"Please provide valid token","code":-15,"s":"error"}},"timestamp":"2025-07-24 17:30:09,264+1300","service":"FyersAPI"}
{"level":"ERROR","location":"[get_call:146] fyersModel","message":{"API":"/options-chain-v3","Error":{"message":"Please provide valid token","code":-15,"s":"error"}},"timestamp":"2025-07-24 17:30:09,971+1300","service":"FyersAPI"}
{"level":"ERROR","location":"[get_call:146] fyersModel","message":{"API":"/quotes","Error":{"message":"Please provide valid token","code":-15,"s":"error"}},"timestamp":"2025-07-25 21:55:36,437+1300","service":"FyersAPI"}
{"level":"ERROR","location":"[get_call:146] fyersModel","message":{"API":"/options-chain-v3","Error":{"message":"Please provide valid token","code":-15,"s":"error"}},"timestamp":"2025-07-25 21:55:37,468+1300","service":"FyersAPI"}
{"level":"ERROR","location":"[get_call:146] fyersModel","message":{"API":"/options-chain-v3","Error":{"message":"Please provide valid token","code":-15,"s":"error"}},"timestamp":"2025-07-25 21:55:38,393+1300","service":"FyersAPI"}
{"level":"ERROR","location":"[get_call:146] fyersModel","message":{"API":"/quotes","Error":{"message":"Please provide valid token","code":-15,"s":"error"}},"timestamp":"2025-07-25 21:56:34,660+1300","service":"FyersAPI"}
{"level":"ERROR","location":"[get_call:146] fyersModel","message":{"API":"/options-chain-v3","Error":{"message":"Please provide valid token","code":-15,"s":"error"}},"timestamp":"2025-07-25 21:56:35,632+1300","service":"FyersAPI"}
{"level":"ERROR","location":"[get_call:146] fyersModel","message":{"API":"/options-chain-v3","Error":{"message":"Please provide valid token","code":-15,"s":"error"}},"timestamp":"2025-07-25 21:56:36,666+1300","service":"FyersAPI"}
{"level":"ERROR","location":"[get_call:146] fyersModel","message":{"API":"/quotes","Error":{"message":"Please provide valid token","code":-15,"s":"error"}},"timestamp":"2025-07-25 22:03:30,667+1300","service":"FyersAPI"}
{"level":"ERROR","location":"[get_call:146] fyersModel","message":{"API":"/options-chain-v3","Error":{"message":"Please provide valid token","code":-15,"s":"error"}},"timestamp":"2025-07-25 22:03:31,630+1300","service":"FyersAPI"}
{"level":"ERROR","location":"[get_call:146] fyersModel","message":{"API":"/options-chain-v3","Error":{"message":"Please provide valid token","code":-15,"s":"error"}},"timestamp":"2025-07-25 22:03:32,581+1300","service":"FyersAPI"}
{"level":"ERROR","location":"[get_call:146] fyersModel","message":{"API":"/quotes","Error":{"message":"Please provide valid token","code":-15,"s":"error"}},"timestamp":"2025-07-25 22:03:39,106+1300","service":"FyersAPI"}
{"level":"ERROR","location":"[get_call:146] fyersModel","message":{"API":"/options-chain-v3","Error":{"message":"Please provide valid token","code":-15,"s":"error"}},"timestamp":"2025-07-25 22:03:40,736+1300","service":"FyersAPI"}
{"level":"ERROR","location":"[get_call:146] fyersModel","message":{"API":"/options-chain-v3","Error":{"message":"Please provide valid token","code":-15,"s":"error"}},"timestamp":"2025-07-25 22:03:41,775+1300","service":"FyersAPI"}
{"level":"ERROR","location":"[get_call:146] fyersModel","message":{"API":"/options-chain-v3","Error":{"message":"Please provide valid token","code":-15,"s":"error"}},"timestamp":"2025-07-25 22:03:45,926+1300","service":"FyersAPI"}
{"level":"ERROR","location":"[get_call:146] fyersModel","message":{"API":"/options-chain-v3","Error":{"message":"Please provide valid token","code":-15,"s":"error"}},"timestamp":"2025-07-25 22:03:46,908+1300","service":"FyersAPI"}
{"level":"ERROR","location":"[get_call:146] fyersModel","message":{"API":"/options-chain-v3","Error":{"message":"Please provide valid token","code":-15,"s":"error"}},"timestamp":"2025-07-25 22:03:50,962+1300","service":"FyersAPI"}
{"level":"ERROR","location":"[get_call:146] fyersModel","message":{"API":"/options-chain-v3","Error":{"message":"Please provide valid token","code":-15,"s":"error"}},"timestamp":"2025-07-25 22:03:51,988+1300","service":"FyersAPI"}
{"level":"ERROR","location":"[get_call:146] fyersModel","message":{"API":"/options-chain-v3","Error":{"message":"Please provide valid token","code":-15,"s":"error"}},"timestamp":"2025-07-25 22:03:56,174+1300","service":"FyersAPI"}
{"level":"ERROR","location":"[get_call:146] fyersModel","message":{"API":"/options-chain-v3","Error":{"message":"Please provide valid token","code":-15,"s":"error"}},"timestamp":"2025-07-25 22:03:57,182+1300","service":"FyersAPI"}
{"level":"ERROR","location":"[get_call:146] fyersModel","message":{"API":"/options-chain-v3","Error":{"message":"Please provide valid token","code":-15,"s":"error"}},"timestamp":"2025-07-25 22:04:03,983+1300","service":"FyersAPI"}
{"level":"ERROR","location":"[get_call:146] fyersModel","message":{"API":"/options-chain-v3","Error":{"message":"Please provide valid token","code":-15,"s":"error"}},"timestamp":"2025-07-25 22:04:05,030+1300","service":"FyersAPI"}
{"level":"ERROR","location":"[get_call:146] fyersModel","message":{"API":"/profile","Error":{"s":"error","code":-8,"message":"Your token has expired. Please generate a token"}},"timestamp":"2025-07-29 16:28:57,434+1300","service":"FyersAPI"}
{"level":"ERROR","location":"[get_call:146] fyersModel","message":{"API":"/profile","Error":{"s":"error","code":-8,"message":"Your token has expired. Please generate a token"}},"timestamp":"2025-07-29 16:28:57,962+1300","service":"FyersAPI"}
{"level":"ERROR","location":"[get_call:146] fyersModel","message":{"API":"/profile","Error":{"s":"error","code":-8,"message":"Your token has expired. Please generate a token"}},"timestamp":"2025-07-29 16:28:58,479+1300","service":"FyersAPI"}
{"level":"ERROR","location":"[get_call:146] fyersModel","message":{"API":"/profile","Error":{"s":"error","code":-8,"message":"Your token has expired. Please generate a token"}},"timestamp":"2025-07-29 16:28:58,992+1300","service":"FyersAPI"}
{"level":"ERROR","location":"[get_call:146] fyersModel","message":{"API":"/profile","Error":{"s":"error","code":-8,"message":"Your token has expired. Please generate a token"}},"timestamp":"2025-08-01 16:39:56,305+1300","service":"FyersAPI"}
